<?xml version="1.0" encoding="UTF-8" ?>
<testsuite tests="6" failures="0" name="valtech.tarung.AllTestCases" time="80.502" errors="0" skipped="0">
  <properties>
[...]
</properties>
  <testcase classname="valtech.tarung.AllTestCases" name="assertRecentBlogs" time="3.34"/>
  <testcase classname="valtech.tarung.AllTestCases" name="assertFirstBlog" time="5.616"/>
  <testcase classname="valtech.tarung.AllTestCases" name="assertAbout" time="1.809"/>
  <testcase classname="valtech.tarung.AllTestCases" name="assertWork" time="7.02"/>
  <testcase classname="valtech.tarung.AllTestCases" name="assertservices" time="1.985"/>
  <testcase classname="valtech.tarung.AllTestCases" name="totalOffices" time="5.015"/>
</testsuite>