<?xml version="1.0" encoding="UTF-8"?>
<!-- Generated by org.testng.reporters.JUnitXMLReporter -->
<testsuite hostname="DESKTOP-RHJ57E2" name="Command line test" tests="6" failures="0" timestamp="5 Oct 2018 22:30:29 GMT" time="79.32" errors="0">
  <testcase name="assertRecentBlogs" time="3.341" classname="valtech.tarung.AllTestCases"/>
  <testcase name="assertFirstBlog" time="5.616" classname="valtech.tarung.AllTestCases"/>
  <testcase name="assertAbout" time="1.809" classname="valtech.tarung.AllTestCases"/>
  <testcase name="assertWork" time="7.02" classname="valtech.tarung.AllTestCases"/>
  <testcase name="assertservices" time="1.987" classname="valtech.tarung.AllTestCases"/>
  <testcase name="totalOffices" time="5.011" classname="valtech.tarung.AllTestCases"/>
</testsuite> <!-- Command line test -->
